[dotenv@17.2.3] injecting env (0) from .env -- tip: ⚙️  override existing env vars with { override: true }
NOTICE: Generated temporary JWT_SECRET for this session. All previous sessions are now invalid.
MongoDB Connected
Server running on port 3000
[DEBUG] Checking duplicate for: Mfg: 69687cf2b304cefb2c8736b4, Name: 'Aspirin', Batch: 'batch-005'
[DEBUG] Existing Batch Found: NO
[TRACK DEBUG] Request received for Product ID: PROD-batch-005-586059
[TRACK DEBUG] Request received for Product ID: PROD-batch-005-586059

================================
[SMS SIMULATION] To: 7061980905
[SMS SIMULATION] OTP: 986401
================================


================================
[SMS SIMULATION] To: 7061980905
[SMS SIMULATION] OTP: 753550
================================


================================
[SMS SIMULATION] To: 7061980905
[SMS SIMULATION] OTP: 533866
================================


================================
[SMS SIMULATION] To: 1234567899
[SMS SIMULATION] OTP: 556096
================================

